xauth:  file /home/brian/.serverauth.57878 does not exist
xauth: (argv):1:  bad display name "LFS-threadripper:0" in "list" command
xauth: (stdin):1:  bad display name "LFS-threadripper:0" in "add" command


X.Org X Server 1.21.1.13
X Protocol Version 11, Revision 0
Current Operating System: Linux LFS-threadripper 6.8.6 #1 SMP PREEMPT_DYNAMIC Sun Apr 21 03:16:42 EDT 2024 x86_64
Kernel command line: BOOT_IMAGE=/vmlinuz-6.8.6-lfs-r12.1-46-systemd root=/dev/nvme1n1p4 ro
 
Current version of pixman: 0.43.4
	Before reporting problems, check http://wiki.x.org
	to make sure that you have the latest version.
Markers: (--) probed, (**) from config file, (==) default setting,
	(++) from command line, (!!) notice, (II) informational,
	(WW) warning, (EE) error, (NI) not implemented, (??) unknown.
(==) Log file: "/home/brian/.local/share/xorg/Xorg.0.log", Time: Sun May 26 23:28:25 2024
(==) Using config file: "/etc/X11/xorg.conf"
(==) Using system config directory "/usr/share/X11/xorg.conf.d"
(EE) 
Fatal server error:
(EE) parse_vt_settings: Cannot open /dev/tty0 (Permission denied)
(EE) 
(EE) 
Please consult the The X.Org Foundation support 
	 at http://wiki.x.org
 for help. 
(EE) Please also check the log file at "/home/brian/.local/share/xorg/Xorg.0.log" for additional information.
(EE) 
(EE) Server terminated with error (1). Closing log file.
xinit: giving up
xinit: unable to connect to X server: Connection refused
xinit: server error
xauth: (argv):1:  bad display name "LFS-threadripper:0" in "remove" command
Couldn't get a file descriptor referring to the console.
